sjkhfkjlsahfljksgfhldkjs
dsgdsgds
GET
POST

dgdsg
sfdsgds
dsgdsges
POST
GET
GET
GET
GET
GET
GET
GET
GET



Fedgds
dsg
dsg
ds
gd
g



gd
gsd
g



fsgfsdg
dsg

gdd
g
ds
sfdsgf
dgfd
g
dg
sd
g
esge ste stg

dsg
es
tes
t
es
zhd
sh
esh
ds
hds
h
 dh

 dddddddddddddddddddd

 dgggggggggggggg

 POST

 ddd

 dd
 sfsd
 sfsf
 sfsdf
 POST

 sfgds
 g
 dsg
 ds
 sfdsg




 dsgdsfg

 sfsaf
 saf
 saf
 as
 fs












 fasfsa


 s
 f
 saf
 s
 afd
 sf












 gsagffffffffffffffafewf








 dsfds









 dgfdsf







dsfgdfssd
ds
fsdfdsfsaf
ds
fds
f
ds
fsd
f
sd
fds
f
saf
sa
f
sa
fg

s
afsasssssssssssssssss
sssssssssssssssffffffffffffff

sfsafsa
fs
f
saffffffffffffffffsdsf
sdfsafsaf



dfgdsgfdes


d

dfdfd


jkjh


kbhhjkbkj

kjhbkjb

kjhkjblkj
